[0m[[0m[0mdebug[0m] [0m[0m> Exec(test, Some(dc3e723c-f957-4424-8de9-27401488683f), Some(CommandSource(console0)))[0m
[0m[[0m[0mdebug[0m] [0m[0mEvaluating tasks: Test / test[0m
[0m[[0m[0mdebug[0m] [0m[0mRunning task... Cancel: Signal, check cycles: false, forcegc: true[0m
[0m[[0m[0minfo[0m] [0m[0mcompiling 1 Scala source to /Users/robertdarby/workspace/advent-of-code/target/scala-2.13/classes ...[0m
[0m[[0m[33mwarn[0m] [0m[0m1 deprecation (since 2.13.3); re-run with -deprecation for details[0m
[0m[[0m[33mwarn[0m] [0m[0mone warning found[0m
[0m[[0m[33mwarn[0m] [0m[0mGetting the hostname OCS385-MacBook-Pro.local was slow (5004.1448 ms). This is likely because the computer's hostname is not set. You can set the hostname with the command: scutil --set HostName "$(scutil --get LocalHostName).local".[0m
[0m[[0m[0minfo[0m] [0m[0m[32mMainSpec:[0m[0m
[0m[[0m[0minfo[0m] [0m[0m[32mreadNumbers[0m[0m
[0m[[0m[0minfo[0m] [0m[0m[32m- should return one Int from a file[0m[0m
[0m[[0m[0minfo[0m] [0m[0m[32m- should return multiple Ints from a file[0m[0m
[0m[[0m[0minfo[0m] [0m[0m[32mcountIncrease[0m[0m
[0m[[0m[0minfo[0m] [0m[0m[32m  should return zero[0m[0m
[0m[[0m[0minfo[0m] [0m[0m[32m  - for an empty list[0m[0m
[0m[[0m[0minfo[0m] [0m[0m[32m  - for a list with one item[0m[0m
[0m[[0m[0minfo[0m] [0m[0m[32m  - for a list with multiple items and no increases[0m[0m
[0m[[0m[0minfo[0m] [0m[0m[32m  should return one[0m[0m
[0m[[0m[0minfo[0m] [0m[0m[32m  - for a list with one increase[0m[0m
[0m[[0m[0minfo[0m] [0m[0m[32m  - for a list with one increase and multiple items[0m[0m
[0m[[0m[0minfo[0m] [0m[0m[32m- should for multiple increases[0m[0m
[0m[[0m[0minfo[0m] [0m[0m[31m- day01task01 *** FAILED ***[0m[0m
[0m[[0m[0minfo[0m] [0m[0m[31m  1581 was not equal to 100 (MainSpec.scala:51)[0m[0m
[0m[[0m[0minfo[0m] [0m[0m[36mRun completed in 292 milliseconds.[0m[0m
[0m[[0m[0minfo[0m] [0m[0m[36mTotal number of tests run: 9[0m[0m
[0m[[0m[0minfo[0m] [0m[0m[36mSuites: completed 1, aborted 0[0m[0m
[0m[[0m[0minfo[0m] [0m[0m[36mTests: succeeded 8, failed 1, canceled 0, ignored 0, pending 0[0m[0m
[0m[[0m[0minfo[0m] [0m[0m[31m*** 1 TEST FAILED ***[0m[0m
[0m[[0m[31merror[0m] [0m[0mFailed tests:[0m
[0m[[0m[31merror[0m] [0m[0m	MainSpec[0m
[0m[[0m[31merror[0m] [0m[0m(Test / [31mtest[0m) sbt.TestsFailedException: Tests unsuccessful[0m
[0m[[0m[31merror[0m] [0m[0mTotal time: 6 s, completed 01-Dec-2021 18:03:54[0m
[0m[[0m[0mdebug[0m] [0m[0m> Exec(shell, None, None)[0m
